<?xml version="1.0" encoding="UTF-8"?>
<coverage generated="1784192904923" clover="3.2.0">
  <project timestamp="1784192904923" name="All files">
    <metrics statements="199" coveredstatements="196" conditionals="121" coveredconditionals="121" methods="42" coveredmethods="39" elements="362" coveredelements="356" complexity="0" loc="199" ncloc="199" packages="3" files="3" classes="3"/>
    <package name="services">
      <metrics statements="69" coveredstatements="66" conditionals="71" coveredconditionals="71" methods="26" coveredmethods="23"/>
      <file name="apiService.ts" path="C:\Users\oob\.gemini\antigravity\scratch\horizon-app\src\services\apiService.ts">
        <metrics statements="69" coveredstatements="66" conditionals="71" coveredconditionals="71" methods="26" coveredmethods="23"/>
        <line num="18" count="2" type="stmt"/>
        <line num="24" count="2" type="stmt"/>
        <line num="26" count="0" type="stmt"/>
        <line num="27" count="0" type="stmt"/>
        <line num="28" count="0" type="stmt"/>
        <line num="30" count="11" type="cond" truecount="4" falsecount="0"/>
        <line num="31" count="10" type="cond" truecount="4" falsecount="0"/>
        <line num="32" count="8" type="cond" truecount="4" falsecount="0"/>
        <line num="33" count="6" type="cond" truecount="4" falsecount="0"/>
        <line num="34" count="4" type="cond" truecount="4" falsecount="0"/>
        <line num="35" count="2" type="cond" truecount="2" falsecount="0"/>
        <line num="40" count="9" type="stmt"/>
        <line num="41" count="9" type="stmt"/>
        <line num="42" count="9" type="stmt"/>
        <line num="43" count="9" type="stmt"/>
        <line num="44" count="189" type="stmt"/>
        <line num="45" count="189" type="cond" truecount="2" falsecount="0"/>
        <line num="46" count="189" type="stmt"/>
        <line num="48" count="9" type="stmt"/>
        <line num="53" count="60" type="cond" truecount="2" falsecount="0"/>
        <line num="54" count="3" type="stmt"/>
        <line num="55" count="3" type="stmt"/>
        <line num="56" count="63" type="cond" truecount="2" falsecount="0"/>
        <line num="57" count="63" type="stmt"/>
        <line num="63" count="20" type="cond" truecount="2" falsecount="0"/>
        <line num="68" count="1" type="stmt"/>
        <line num="69" count="1" type="stmt"/>
        <line num="70" count="1" type="stmt"/>
        <line num="71" count="21" type="stmt"/>
        <line num="72" count="21" type="stmt"/>
        <line num="73" count="21" type="cond" truecount="4" falsecount="0"/>
        <line num="74" count="21" type="cond" truecount="4" falsecount="0"/>
        <line num="75" count="21" type="cond" truecount="4" falsecount="0"/>
        <line num="76" count="21" type="cond" truecount="2" falsecount="0"/>
        <line num="77" count="21" type="stmt"/>
        <line num="79" count="1" type="stmt"/>
        <line num="84" count="1" type="stmt"/>
        <line num="85" count="20" type="cond" truecount="4" falsecount="0"/>
        <line num="86" count="16" type="cond" truecount="4" falsecount="0"/>
        <line num="87" count="12" type="cond" truecount="2" falsecount="0"/>
        <line num="88" count="7" type="stmt"/>
        <line num="94" count="1" type="stmt"/>
        <line num="95" count="1" type="stmt"/>
        <line num="96" count="21" type="stmt"/>
        <line num="97" count="21" type="stmt"/>
        <line num="98" count="21" type="cond" truecount="4" falsecount="0"/>
        <line num="99" count="21" type="cond" truecount="4" falsecount="0"/>
        <line num="100" count="21" type="cond" truecount="2" falsecount="0"/>
        <line num="101" count="21" type="stmt"/>
        <line num="103" count="1" type="stmt"/>
        <line num="108" count="20" type="stmt"/>
        <line num="113" count="10" type="stmt"/>
        <line num="121" count="20" type="cond" truecount="2" falsecount="0"/>
        <line num="126" count="1" type="stmt"/>
        <line num="127" count="1" type="stmt"/>
        <line num="128" count="1" type="stmt"/>
        <line num="129" count="21" type="stmt"/>
        <line num="130" count="21" type="cond" truecount="2" falsecount="0"/>
        <line num="131" count="21" type="stmt"/>
        <line num="133" count="1" type="stmt"/>
        <line num="138" count="20" type="stmt"/>
        <line num="143" count="1" type="stmt"/>
        <line num="144" count="1" type="stmt"/>
        <line num="145" count="1" type="stmt"/>
        <line num="146" count="21" type="stmt"/>
        <line num="147" count="21" type="cond" truecount="2" falsecount="0"/>
        <line num="148" count="21" type="stmt"/>
        <line num="150" count="1" type="stmt"/>
        <line num="155" count="20" type="stmt"/>
      </file>
    </package>
    <package name="store">
      <metrics statements="19" coveredstatements="19" conditionals="0" coveredconditionals="0" methods="15" coveredmethods="15"/>
      <file name="useStore.ts" path="C:\Users\oob\.gemini\antigravity\scratch\horizon-app\src\store\useStore.ts">
        <metrics statements="19" coveredstatements="19" conditionals="0" coveredconditionals="0" methods="15" coveredmethods="15"/>
        <line num="54" count="1" type="stmt"/>
        <line num="64" count="1" type="stmt"/>
        <line num="66" count="1" type="stmt"/>
        <line num="71" count="2" type="stmt"/>
        <line num="75" count="1" type="stmt"/>
        <line num="93" count="3" type="stmt"/>
        <line num="101" count="1" type="stmt"/>
        <line num="104" count="1" type="stmt"/>
        <line num="107" count="1" type="stmt"/>
        <line num="110" count="2" type="stmt"/>
        <line num="113" count="1" type="stmt"/>
        <line num="116" count="1" type="stmt"/>
        <line num="119" count="1" type="stmt"/>
        <line num="124" count="2" type="stmt"/>
        <line num="125" count="2" type="stmt"/>
        <line num="126" count="2" type="stmt"/>
        <line num="132" count="1" type="stmt"/>
        <line num="142" count="1" type="stmt"/>
        <line num="143" count="1" type="stmt"/>
      </file>
    </package>
    <package name="utils">
      <metrics statements="111" coveredstatements="111" conditionals="50" coveredconditionals="50" methods="1" coveredmethods="1"/>
      <file name="mathEngine.ts" path="C:\Users\oob\.gemini\antigravity\scratch\horizon-app\src\utils\mathEngine.ts">
        <metrics statements="111" coveredstatements="111" conditionals="50" coveredconditionals="50" methods="1" coveredmethods="1"/>
        <line num="51" count="10" type="cond" truecount="2" falsecount="0"/>
        <line num="55" count="10" type="cond" truecount="2" falsecount="0"/>
        <line num="57" count="10" type="stmt"/>
        <line num="58" count="10" type="stmt"/>
        <line num="59" count="10" type="stmt"/>
        <line num="61" count="10" type="stmt"/>
        <line num="62" count="10" type="stmt"/>
        <line num="63" count="10" type="stmt"/>
        <line num="64" count="10" type="stmt"/>
        <line num="65" count="10" type="stmt"/>
        <line num="66" count="10" type="stmt"/>
        <line num="67" count="10" type="stmt"/>
        <line num="69" count="10" type="stmt"/>
        <line num="70" count="10" type="stmt"/>
        <line num="71" count="10" type="stmt"/>
        <line num="72" count="10" type="stmt"/>
        <line num="73" count="10" type="stmt"/>
        <line num="74" count="10" type="stmt"/>
        <line num="75" count="10" type="stmt"/>
        <line num="77" count="10" type="stmt"/>
        <line num="78" count="540" type="stmt"/>
        <line num="80" count="540" type="cond" truecount="2" falsecount="0"/>
        <line num="81" count="530" type="stmt"/>
        <line num="82" count="530" type="stmt"/>
        <line num="84" count="530" type="stmt"/>
        <line num="85" count="530" type="stmt"/>
        <line num="87" count="530" type="cond" truecount="2" falsecount="0"/>
        <line num="88" count="262" type="stmt"/>
        <line num="89" count="262" type="stmt"/>
        <line num="91" count="262" type="cond" truecount="2" falsecount="0"/>
        <line num="92" count="262" type="cond" truecount="2" falsecount="0"/>
        <line num="94" count="268" type="stmt"/>
        <line num="95" count="268" type="stmt"/>
        <line num="98" count="530" type="cond" truecount="4" falsecount="0"/>
        <line num="99" count="3" type="stmt"/>
        <line num="101" count="3" type="cond" truecount="2" falsecount="0"/>
        <line num="102" count="2" type="stmt"/>
        <line num="104" count="3" type="cond" truecount="2" falsecount="0"/>
        <line num="105" count="1" type="stmt"/>
        <line num="110" count="530" type="stmt"/>
        <line num="111" count="530" type="cond" truecount="2" falsecount="0"/>
        <line num="112" count="259" type="cond" truecount="2" falsecount="0"/>
        <line num="113" count="30" type="cond" truecount="2" falsecount="0"/>
        <line num="114" count="1" type="stmt"/>
        <line num="115" count="1" type="stmt"/>
        <line num="117" count="29" type="stmt"/>
        <line num="118" count="29" type="stmt"/>
        <line num="121" count="259" type="stmt"/>
        <line num="123" count="271" type="stmt"/>
        <line num="124" count="271" type="stmt"/>
        <line num="125" count="271" type="cond" truecount="2" falsecount="0"/>
        <line num="126" count="68" type="stmt"/>
        <line num="127" count="68" type="stmt"/>
        <line num="132" count="530" type="stmt"/>
        <line num="134" count="530" type="stmt"/>
        <line num="135" count="530" type="stmt"/>
        <line num="136" count="530" type="stmt"/>
        <line num="137" count="530" type="stmt"/>
        <line num="139" count="530" type="cond" truecount="4" falsecount="0"/>
        <line num="140" count="261" type="stmt"/>
        <line num="141" count="261" type="stmt"/>
        <line num="142" count="261" type="stmt"/>
        <line num="144" count="261" type="stmt"/>
        <line num="145" count="261" type="stmt"/>
        <line num="146" count="261" type="stmt"/>
        <line num="148" count="261" type="stmt"/>
        <line num="149" count="261" type="stmt"/>
        <line num="150" count="261" type="stmt"/>
        <line num="152" count="261" type="stmt"/>
        <line num="153" count="261" type="stmt"/>
        <line num="154" count="261" type="stmt"/>
        <line num="157" count="530" type="cond" truecount="2" falsecount="0"/>
        <line num="158" count="261" type="cond" truecount="2" falsecount="0"/>
        <line num="159" count="31" type="cond" truecount="2" falsecount="0"/>
        <line num="160" count="2" type="stmt"/>
        <line num="161" count="2" type="stmt"/>
        <line num="163" count="29" type="stmt"/>
        <line num="164" count="29" type="stmt"/>
        <line num="168" count="261" type="stmt"/>
        <line num="169" count="261" type="stmt"/>
        <line num="170" count="261" type="stmt"/>
        <line num="171" count="261" type="stmt"/>
        <line num="172" count="261" type="stmt"/>
        <line num="173" count="261" type="stmt"/>
        <line num="176" count="269" type="stmt"/>
        <line num="177" count="269" type="stmt"/>
        <line num="178" count="269" type="stmt"/>
        <line num="179" count="269" type="stmt"/>
        <line num="180" count="269" type="stmt"/>
        <line num="181" count="269" type="stmt"/>
        <line num="183" count="269" type="stmt"/>
        <line num="185" count="269" type="cond" truecount="2" falsecount="0"/>
        <line num="186" count="144" type="stmt"/>
        <line num="188" count="125" type="stmt"/>
        <line num="189" count="125" type="stmt"/>
        <line num="190" count="125" type="cond" truecount="2" falsecount="0"/>
        <line num="191" count="22" type="stmt"/>
        <line num="193" count="103" type="stmt"/>
        <line num="194" count="103" type="stmt"/>
        <line num="195" count="103" type="cond" truecount="2" falsecount="0"/>
        <line num="196" count="1" type="stmt"/>
        <line num="198" count="102" type="stmt"/>
        <line num="199" count="102" type="stmt"/>
        <line num="200" count="102" type="stmt"/>
        <line num="206" count="530" type="cond" truecount="4" falsecount="0"/>
        <line num="207" count="1" type="stmt"/>
        <line num="208" count="1" type="stmt"/>
        <line num="212" count="540" type="stmt"/>
        <line num="213" count="540" type="stmt"/>
        <line num="215" count="540" type="stmt"/>
        <line num="229" count="10" type="stmt"/>
      </file>
    </package>
  </project>
</coverage>
