{"C:\\Users\\oob\\.gemini\\antigravity\\scratch\\horizon-app\\src\\components\\MacroView.tsx": {"path":"C:\\Users\\oob\\.gemini\\antigravity\\scratch\\horizon-app\\src\\components\\MacroView.tsx","statementMap":{"0":{"start":{"line":16,"column":16},"end":{"line":35,"column":null}},"1":{"start":{"line":38,"column":36},"end":{"line":38,"column":null}},"2":{"start":{"line":39,"column":36},"end":{"line":39,"column":null}},"3":{"start":{"line":41,"column":26},"end":{"line":41,"column":null}},"4":{"start":{"line":42,"column":36},"end":{"line":42,"column":null}},"5":{"start":{"line":43,"column":44},"end":{"line":43,"column":null}},"6":{"start":{"line":45,"column":2},"end":{"line":78,"column":null}},"7":{"start":{"line":46,"column":20},"end":{"line":46,"column":null}},"8":{"start":{"line":47,"column":4},"end":{"line":47,"column":null}},"9":{"start":{"line":49,"column":21},"end":{"line":74,"column":null}},"10":{"start":{"line":50,"column":31},"end":{"line":50,"column":null}},"11":{"start":{"line":52,"column":6},"end":{"line":65,"column":null}},"12":{"start":{"line":53,"column":23},"end":{"line":53,"column":76}},"13":{"start":{"line":53,"column":76},"end":{"line":53,"column":null}},"14":{"start":{"line":54,"column":21},"end":{"line":54,"column":74}},"15":{"start":{"line":54,"column":74},"end":{"line":54,"column":null}},"16":{"start":{"line":55,"column":21},"end":{"line":55,"column":70}},"17":{"start":{"line":55,"column":70},"end":{"line":55,"column":null}},"18":{"start":{"line":56,"column":24},"end":{"line":56,"column":76}},"19":{"start":{"line":56,"column":76},"end":{"line":56,"column":null}},"20":{"start":{"line":57,"column":20},"end":{"line":57,"column":69}},"21":{"start":{"line":57,"column":69},"end":{"line":57,"column":null}},"22":{"start":{"line":58,"column":26},"end":{"line":58,"column":80}},"23":{"start":{"line":58,"column":80},"end":{"line":58,"column":null}},"24":{"start":{"line":59,"column":22},"end":{"line":59,"column":71}},"25":{"start":{"line":59,"column":71},"end":{"line":59,"column":null}},"26":{"start":{"line":60,"column":24},"end":{"line":60,"column":80}},"27":{"start":{"line":60,"column":80},"end":{"line":60,"column":null}},"28":{"start":{"line":61,"column":26},"end":{"line":61,"column":80}},"29":{"start":{"line":61,"column":80},"end":{"line":61,"column":null}},"30":{"start":{"line":62,"column":26},"end":{"line":62,"column":84}},"31":{"start":{"line":62,"column":84},"end":{"line":62,"column":null}},"32":{"start":{"line":63,"column":24},"end":{"line":63,"column":82}},"33":{"start":{"line":63,"column":82},"end":{"line":63,"column":null}},"34":{"start":{"line":64,"column":20},"end":{"line":64,"column":66}},"35":{"start":{"line":64,"column":66},"end":{"line":64,"column":null}},"36":{"start":{"line":67,"column":6},"end":{"line":73,"column":null}},"37":{"start":{"line":68,"column":8},"end":{"line":70,"column":null}},"38":{"start":{"line":69,"column":10},"end":{"line":69,"column":null}},"39":{"start":{"line":71,"column":8},"end":{"line":71,"column":null}},"40":{"start":{"line":72,"column":8},"end":{"line":72,"column":null}},"41":{"start":{"line":76,"column":4},"end":{"line":76,"column":null}},"42":{"start":{"line":77,"column":4},"end":{"line":77,"column":null}},"43":{"start":{"line":77,"column":19},"end":{"line":77,"column":38}},"44":{"start":{"line":80,"column":8},"end":{"line":96,"column":null}},"45":{"start":{"line":81,"column":4},"end":{"line":95,"column":null}},"46":{"start":{"line":82,"column":21},"end":{"line":82,"column":null}},"47":{"start":{"line":83,"column":19},"end":{"line":83,"column":null}},"48":{"start":{"line":84,"column":19},"end":{"line":84,"column":null}},"49":{"start":{"line":85,"column":22},"end":{"line":85,"column":null}},"50":{"start":{"line":86,"column":18},"end":{"line":86,"column":null}},"51":{"start":{"line":87,"column":24},"end":{"line":87,"column":null}},"52":{"start":{"line":88,"column":20},"end":{"line":88,"column":null}},"53":{"start":{"line":89,"column":22},"end":{"line":89,"column":null}},"54":{"start":{"line":90,"column":24},"end":{"line":90,"column":null}},"55":{"start":{"line":91,"column":24},"end":{"line":91,"column":null}},"56":{"start":{"line":92,"column":22},"end":{"line":92,"column":null}},"57":{"start":{"line":93,"column":18},"end":{"line":93,"column":null}},"58":{"start":{"line":94,"column":15},"end":{"line":94,"column":null}},"59":{"start":{"line":98,"column":17},"end":{"line":98,"column":null}},"60":{"start":{"line":100,"column":8},"end":{"line":106,"column":null}},"61":{"start":{"line":101,"column":4},"end":{"line":105,"column":null}},"62":{"start":{"line":102,"column":19},"end":{"line":102,"column":null}},"63":{"start":{"line":103,"column":18},"end":{"line":103,"column":null}},"64":{"start":{"line":104,"column":15},"end":{"line":104,"column":null}},"65":{"start":{"line":108,"column":24},"end":{"line":108,"column":null}},"66":{"start":{"line":110,"column":2},"end":{"line":298,"column":null}},"67":{"start":{"line":120,"column":10},"end":{"line":145,"column":null}},"68":{"start":{"line":126,"column":29},"end":{"line":126,"column":null}},"69":{"start":{"line":127,"column":33},"end":{"line":127,"column":null}},"70":{"start":{"line":128,"column":16},"end":{"line":141,"column":null}},"71":{"start":{"line":131,"column":35},"end":{"line":131,"column":null}},"72":{"start":{"line":156,"column":89},"end":{"line":156,"column":107}},"73":{"start":{"line":159,"column":89},"end":{"line":159,"column":107}},"74":{"start":{"line":164,"column":109},"end":{"line":164,"column":127}},"75":{"start":{"line":171,"column":29},"end":{"line":171,"column":null}},"76":{"start":{"line":181,"column":18},"end":{"line":189,"column":null}},"77":{"start":{"line":183,"column":35},"end":{"line":183,"column":null}},"78":{"start":{"line":214,"column":64},"end":{"line":214,"column":105}},"79":{"start":{"line":216,"column":47},"end":{"line":216,"column":null}},"80":{"start":{"line":226,"column":64},"end":{"line":226,"column":105}},"81":{"start":{"line":228,"column":47},"end":{"line":228,"column":null}},"82":{"start":{"line":237,"column":64},"end":{"line":237,"column":105}},"83":{"start":{"line":239,"column":47},"end":{"line":239,"column":null}},"84":{"start":{"line":255,"column":29},"end":{"line":255,"column":null}}},"fnMap":{"0":{"name":"MacroView","decl":{"start":{"line":37,"column":16},"end":{"line":37,"column":28}},"loc":{"start":{"line":37,"column":28},"end":{"line":300,"column":null}},"line":37},"1":{"name":"(anonymous_1)","decl":{"start":{"line":45,"column":2},"end":{"line":45,"column":18}},"loc":{"start":{"line":45,"column":18},"end":{"line":78,"column":5}},"line":45},"2":{"name":"(anonymous_2)","decl":{"start":{"line":49,"column":21},"end":{"line":49,"column":33}},"loc":{"start":{"line":49,"column":33},"end":{"line":74,"column":null}},"line":49},"3":{"name":"(anonymous_3)","decl":{"start":{"line":77,"column":4},"end":{"line":77,"column":17}},"loc":{"start":{"line":77,"column":17},"end":{"line":77,"column":null}},"line":77},"4":{"name":"(anonymous_4)","decl":{"start":{"line":80,"column":8},"end":{"line":80,"column":31}},"loc":{"start":{"line":80,"column":31},"end":{"line":96,"column":null}},"line":80},"5":{"name":"(anonymous_5)","decl":{"start":{"line":100,"column":8},"end":{"line":100,"column":33}},"loc":{"start":{"line":100,"column":33},"end":{"line":106,"column":null}},"line":100},"6":{"name":"(anonymous_6)","decl":{"start":{"line":119,"column":33},"end":{"line":119,"column":38}},"loc":{"start":{"line":120,"column":10},"end":{"line":145,"column":null}},"line":120},"7":{"name":"(anonymous_7)","decl":{"start":{"line":125,"column":21},"end":{"line":125,"column":26}},"loc":{"start":{"line":125,"column":35},"end":{"line":143,"column":15}},"line":125},"8":{"name":"(anonymous_8)","decl":{"start":{"line":131,"column":20},"end":{"line":131,"column":35}},"loc":{"start":{"line":131,"column":35},"end":{"line":131,"column":null}},"line":131},"9":{"name":"(anonymous_9)","decl":{"start":{"line":156,"column":79},"end":{"line":156,"column":84}},"loc":{"start":{"line":156,"column":89},"end":{"line":156,"column":107}},"line":156},"10":{"name":"(anonymous_10)","decl":{"start":{"line":159,"column":79},"end":{"line":159,"column":84}},"loc":{"start":{"line":159,"column":89},"end":{"line":159,"column":107}},"line":159},"11":{"name":"(anonymous_11)","decl":{"start":{"line":164,"column":99},"end":{"line":164,"column":104}},"loc":{"start":{"line":164,"column":109},"end":{"line":164,"column":127}},"line":164},"12":{"name":"(anonymous_12)","decl":{"start":{"line":171,"column":14},"end":{"line":171,"column":29}},"loc":{"start":{"line":171,"column":29},"end":{"line":171,"column":null}},"line":171},"13":{"name":"(anonymous_13)","decl":{"start":{"line":180,"column":32},"end":{"line":180,"column":37}},"loc":{"start":{"line":181,"column":18},"end":{"line":189,"column":null}},"line":181},"14":{"name":"(anonymous_14)","decl":{"start":{"line":183,"column":20},"end":{"line":183,"column":35}},"loc":{"start":{"line":183,"column":35},"end":{"line":183,"column":null}},"line":183},"15":{"name":"(anonymous_15)","decl":{"start":{"line":214,"column":42},"end":{"line":214,"column":58}},"loc":{"start":{"line":214,"column":64},"end":{"line":214,"column":105}},"line":214},"16":{"name":"(anonymous_16)","decl":{"start":{"line":216,"column":20},"end":{"line":216,"column":32}},"loc":{"start":{"line":216,"column":47},"end":{"line":216,"column":null}},"line":216},"17":{"name":"(anonymous_17)","decl":{"start":{"line":226,"column":42},"end":{"line":226,"column":58}},"loc":{"start":{"line":226,"column":64},"end":{"line":226,"column":105}},"line":226},"18":{"name":"(anonymous_18)","decl":{"start":{"line":228,"column":20},"end":{"line":228,"column":32}},"loc":{"start":{"line":228,"column":47},"end":{"line":228,"column":null}},"line":228},"19":{"name":"(anonymous_19)","decl":{"start":{"line":237,"column":42},"end":{"line":237,"column":58}},"loc":{"start":{"line":237,"column":64},"end":{"line":237,"column":105}},"line":237},"20":{"name":"(anonymous_20)","decl":{"start":{"line":239,"column":20},"end":{"line":239,"column":32}},"loc":{"start":{"line":239,"column":47},"end":{"line":239,"column":null}},"line":239},"21":{"name":"(anonymous_21)","decl":{"start":{"line":255,"column":14},"end":{"line":255,"column":29}},"loc":{"start":{"line":255,"column":29},"end":{"line":255,"column":null}},"line":255}},"branchMap":{"0":{"loc":{"start":{"line":52,"column":6},"end":{"line":65,"column":null}},"type":"switch","locations":[{"start":{"line":53,"column":8},"end":{"line":53,"column":null}},{"start":{"line":54,"column":8},"end":{"line":54,"column":null}},{"start":{"line":55,"column":8},"end":{"line":55,"column":null}},{"start":{"line":56,"column":8},"end":{"line":56,"column":null}},{"start":{"line":57,"column":8},"end":{"line":57,"column":null}},{"start":{"line":58,"column":8},"end":{"line":58,"column":null}},{"start":{"line":59,"column":8},"end":{"line":59,"column":null}},{"start":{"line":60,"column":8},"end":{"line":60,"column":null}},{"start":{"line":61,"column":8},"end":{"line":61,"column":null}},{"start":{"line":62,"column":8},"end":{"line":62,"column":null}},{"start":{"line":63,"column":8},"end":{"line":63,"column":null}},{"start":{"line":64,"column":8},"end":{"line":64,"column":null}}],"line":52},"1":{"loc":{"start":{"line":67,"column":6},"end":{"line":73,"column":null}},"type":"if","locations":[{"start":{"line":67,"column":6},"end":{"line":73,"column":null}},{"start":{},"end":{}}],"line":67},"2":{"loc":{"start":{"line":68,"column":8},"end":{"line":70,"column":null}},"type":"if","locations":[{"start":{"line":68,"column":8},"end":{"line":70,"column":null}},{"start":{},"end":{}}],"line":68},"3":{"loc":{"start":{"line":81,"column":4},"end":{"line":95,"column":null}},"type":"switch","locations":[{"start":{"line":82,"column":6},"end":{"line":82,"column":null}},{"start":{"line":83,"column":6},"end":{"line":83,"column":null}},{"start":{"line":84,"column":6},"end":{"line":84,"column":null}},{"start":{"line":85,"column":6},"end":{"line":85,"column":null}},{"start":{"line":86,"column":6},"end":{"line":86,"column":null}},{"start":{"line":87,"column":6},"end":{"line":87,"column":null}},{"start":{"line":88,"column":6},"end":{"line":88,"column":null}},{"start":{"line":89,"column":6},"end":{"line":89,"column":null}},{"start":{"line":90,"column":6},"end":{"line":90,"column":null}},{"start":{"line":91,"column":6},"end":{"line":91,"column":null}},{"start":{"line":92,"column":6},"end":{"line":92,"column":null}},{"start":{"line":93,"column":6},"end":{"line":93,"column":null}},{"start":{"line":94,"column":6},"end":{"line":94,"column":null}}],"line":81},"4":{"loc":{"start":{"line":101,"column":4},"end":{"line":105,"column":null}},"type":"switch","locations":[{"start":{"line":102,"column":6},"end":{"line":102,"column":null}},{"start":{"line":103,"column":6},"end":{"line":103,"column":null}},{"start":{"line":104,"column":6},"end":{"line":104,"column":null}}],"line":101},"5":{"loc":{"start":{"line":132,"column":118},"end":{"line":132,"column":null}},"type":"cond-expr","locations":[{"start":{"line":132,"column":129},"end":{"line":132,"column":173}},{"start":{"line":132,"column":173},"end":{"line":132,"column":null}}],"line":132},"6":{"loc":{"start":{"line":134,"column":56},"end":{"line":134,"column":null}},"type":"cond-expr","locations":[{"start":{"line":134,"column":67},"end":{"line":134,"column":100}},{"start":{"line":134,"column":100},"end":{"line":134,"column":null}}],"line":134},"7":{"loc":{"start":{"line":138,"column":59},"end":{"line":138,"column":110}},"type":"cond-expr","locations":[{"start":{"line":138,"column":70},"end":{"line":138,"column":89}},{"start":{"line":138,"column":89},"end":{"line":138,"column":110}}],"line":138},"8":{"loc":{"start":{"line":164,"column":35},"end":{"line":164,"column":143}},"type":"binary-expr","locations":[{"start":{"line":164,"column":35},"end":{"line":164,"column":139}},{"start":{"line":164,"column":139},"end":{"line":164,"column":143}}],"line":164},"9":{"loc":{"start":{"line":178,"column":13},"end":{"line":193,"column":null}},"type":"binary-expr","locations":[{"start":{"line":178,"column":13},"end":{"line":178,"column":null}},{"start":{"line":179,"column":14},"end":{"line":193,"column":null}}],"line":178},"10":{"loc":{"start":{"line":185,"column":22},"end":{"line":185,"column":null}},"type":"cond-expr","locations":[{"start":{"line":185,"column":40},"end":{"line":185,"column":78}},{"start":{"line":185,"column":78},"end":{"line":185,"column":null}}],"line":185},"11":{"loc":{"start":{"line":188,"column":21},"end":{"line":188,"column":null}},"type":"cond-expr","locations":[{"start":{"line":188,"column":32},"end":{"line":188,"column":40}},{"start":{"line":188,"column":40},"end":{"line":188,"column":null}}],"line":188},"12":{"loc":{"start":{"line":198,"column":11},"end":{"line":245,"column":null}},"type":"cond-expr","locations":[{"start":{"line":199,"column":12},"end":{"line":203,"column":13}},{"start":{"line":203,"column":12},"end":{"line":245,"column":null}}],"line":198},"13":{"loc":{"start":{"line":204,"column":15},"end":{"line":243,"column":null}},"type":"cond-expr","locations":[{"start":{"line":205,"column":16},"end":{"line":222,"column":25}},{"start":{"line":222,"column":18},"end":{"line":243,"column":null}}],"line":204},"14":{"loc":{"start":{"line":220,"column":19},"end":{"line":220,"column":null}},"type":"binary-expr","locations":[{"start":{"line":220,"column":19},"end":{"line":220,"column":41}},{"start":{"line":220,"column":41},"end":{"line":220,"column":null}}],"line":220},"15":{"loc":{"start":{"line":222,"column":18},"end":{"line":243,"column":null}},"type":"cond-expr","locations":[{"start":{"line":223,"column":16},"end":{"line":234,"column":17}},{"start":{"line":234,"column":16},"end":{"line":243,"column":null}}],"line":222},"16":{"loc":{"start":{"line":251,"column":7},"end":{"line":296,"column":null}},"type":"binary-expr","locations":[{"start":{"line":251,"column":7},"end":{"line":251,"column":null}},{"start":{"line":252,"column":8},"end":{"line":296,"column":null}}],"line":251}},"s":{"0":1,"1":5,"2":5,"3":5,"4":5,"5":5,"6":5,"7":2,"8":2,"9":2,"10":2,"11":2,"12":2,"13":2,"14":0,"15":0,"16":0,"17":0,"18":0,"19":0,"20":0,"21":0,"22":0,"23":0,"24":0,"25":0,"26":0,"27":0,"28":0,"29":0,"30":0,"31":0,"32":0,"33":0,"34":0,"35":0,"36":2,"37":2,"38":2,"39":2,"40":2,"41":2,"42":2,"43":2,"44":5,"45":5,"46":5,"47":0,"48":0,"49":0,"50":0,"51":0,"52":0,"53":0,"54":0,"55":0,"56":0,"57":0,"58":0,"59":5,"60":5,"61":5,"62":0,"63":0,"64":5,"65":5,"66":5,"67":15,"68":60,"69":60,"70":60,"71":0,"72":5,"73":5,"74":5,"75":1,"76":20,"77":0,"78":0,"79":0,"80":0,"81":0,"82":0,"83":0,"84":0},"f":{"0":5,"1":2,"2":2,"3":2,"4":5,"5":5,"6":15,"7":60,"8":0,"9":5,"10":5,"11":5,"12":1,"13":20,"14":0,"15":0,"16":0,"17":0,"18":0,"19":0,"20":0,"21":0},"b":{"0":[2,0,0,0,0,0,0,0,0,0,0,0],"1":[2,0],"2":[2,0],"3":[5,0,0,0,0,0,0,0,0,0,0,0,0],"4":[0,0,5],"5":[5,55],"6":[5,55],"7":[5,55],"8":[5,0],"9":[5,5],"10":[5,15],"11":[5,15],"12":[3,2],"13":[2,0],"14":[2,2],"15":[0,0],"16":[5,1]},"meta":{"lastBranch":17,"lastFunction":22,"lastStatement":85,"seen":{"s:16:16:35:Infinity":0,"f:37:16:37:28":0,"s:38:36:38:Infinity":1,"s:39:36:39:Infinity":2,"s:41:26:41:Infinity":3,"s:42:36:42:Infinity":4,"s:43:44:43:Infinity":5,"s:45:2:78:Infinity":6,"f:45:2:45:18":1,"s:46:20:46:Infinity":7,"s:47:4:47:Infinity":8,"s:49:21:74:Infinity":9,"f:49:21:49:33":2,"s:50:31:50:Infinity":10,"b:53:8:53:Infinity:54:8:54:Infinity:55:8:55:Infinity:56:8:56:Infinity:57:8:57:Infinity:58:8:58:Infinity:59:8:59:Infinity:60:8:60:Infinity:61:8:61:Infinity:62:8:62:Infinity:63:8:63:Infinity:64:8:64:Infinity":0,"s:52:6:65:Infinity":11,"s:53:23:53:76":12,"s:53:76:53:Infinity":13,"s:54:21:54:74":14,"s:54:74:54:Infinity":15,"s:55:21:55:70":16,"s:55:70:55:Infinity":17,"s:56:24:56:76":18,"s:56:76:56:Infinity":19,"s:57:20:57:69":20,"s:57:69:57:Infinity":21,"s:58:26:58:80":22,"s:58:80:58:Infinity":23,"s:59:22:59:71":24,"s:59:71:59:Infinity":25,"s:60:24:60:80":26,"s:60:80:60:Infinity":27,"s:61:26:61:80":28,"s:61:80:61:Infinity":29,"s:62:26:62:84":30,"s:62:84:62:Infinity":31,"s:63:24:63:82":32,"s:63:82:63:Infinity":33,"s:64:20:64:66":34,"s:64:66:64:Infinity":35,"b:67:6:73:Infinity:undefined:undefined:undefined:undefined":1,"s:67:6:73:Infinity":36,"b:68:8:70:Infinity:undefined:undefined:undefined:undefined":2,"s:68:8:70:Infinity":37,"s:69:10:69:Infinity":38,"s:71:8:71:Infinity":39,"s:72:8:72:Infinity":40,"s:76:4:76:Infinity":41,"s:77:4:77:Infinity":42,"f:77:4:77:17":3,"s:77:19:77:38":43,"s:80:8:96:Infinity":44,"f:80:8:80:31":4,"b:82:6:82:Infinity:83:6:83:Infinity:84:6:84:Infinity:85:6:85:Infinity:86:6:86:Infinity:87:6:87:Infinity:88:6:88:Infinity:89:6:89:Infinity:90:6:90:Infinity:91:6:91:Infinity:92:6:92:Infinity:93:6:93:Infinity:94:6:94:Infinity":3,"s:81:4:95:Infinity":45,"s:82:21:82:Infinity":46,"s:83:19:83:Infinity":47,"s:84:19:84:Infinity":48,"s:85:22:85:Infinity":49,"s:86:18:86:Infinity":50,"s:87:24:87:Infinity":51,"s:88:20:88:Infinity":52,"s:89:22:89:Infinity":53,"s:90:24:90:Infinity":54,"s:91:24:91:Infinity":55,"s:92:22:92:Infinity":56,"s:93:18:93:Infinity":57,"s:94:15:94:Infinity":58,"s:98:17:98:Infinity":59,"s:100:8:106:Infinity":60,"f:100:8:100:33":5,"b:102:6:102:Infinity:103:6:103:Infinity:104:6:104:Infinity":4,"s:101:4:105:Infinity":61,"s:102:19:102:Infinity":62,"s:103:18:103:Infinity":63,"s:104:15:104:Infinity":64,"s:108:24:108:Infinity":65,"s:110:2:298:Infinity":66,"f:119:33:119:38":6,"s:120:10:145:Infinity":67,"f:125:21:125:26":7,"s:126:29:126:Infinity":68,"s:127:33:127:Infinity":69,"s:128:16:141:Infinity":70,"f:131:20:131:35":8,"s:131:35:131:Infinity":71,"b:132:129:132:173:132:173:132:Infinity":5,"b:134:67:134:100:134:100:134:Infinity":6,"b:138:70:138:89:138:89:138:110":7,"f:156:79:156:84":9,"s:156:89:156:107":72,"f:159:79:159:84":10,"s:159:89:159:107":73,"b:164:35:164:139:164:139:164:143":8,"f:164:99:164:104":11,"s:164:109:164:127":74,"f:171:14:171:29":12,"s:171:29:171:Infinity":75,"b:178:13:178:Infinity:179:14:193:Infinity":9,"f:180:32:180:37":13,"s:181:18:189:Infinity":76,"f:183:20:183:35":14,"s:183:35:183:Infinity":77,"b:185:40:185:78:185:78:185:Infinity":10,"b:188:32:188:40:188:40:188:Infinity":11,"b:199:12:203:13:203:12:245:Infinity":12,"b:205:16:222:25:222:18:243:Infinity":13,"f:214:42:214:58":15,"s:214:64:214:105":78,"f:216:20:216:32":16,"s:216:47:216:Infinity":79,"b:220:19:220:41:220:41:220:Infinity":14,"b:223:16:234:17:234:16:243:Infinity":15,"f:226:42:226:58":17,"s:226:64:226:105":80,"f:228:20:228:32":18,"s:228:47:228:Infinity":81,"f:237:42:237:58":19,"s:237:64:237:105":82,"f:239:20:239:32":20,"s:239:47:239:Infinity":83,"b:251:7:251:Infinity:252:8:296:Infinity":16,"f:255:14:255:29":21,"s:255:29:255:Infinity":84},"fnNames":{}}}
,"C:\\Users\\oob\\.gemini\\antigravity\\scratch\\horizon-app\\src\\constants\\narratives.ts": {"path":"C:\\Users\\oob\\.gemini\\antigravity\\scratch\\horizon-app\\src\\constants\\narratives.ts","statementMap":{"0":{"start":{"line":1,"column":56},"end":{"line":14,"column":null}}},"fnMap":{},"branchMap":{},"s":{"0":1},"f":{},"b":{},"meta":{"lastBranch":0,"lastFunction":0,"lastStatement":1,"seen":{"s:1:56:14:Infinity":0},"fnNames":{}}}
,"C:\\Users\\oob\\.gemini\\antigravity\\scratch\\horizon-app\\src\\services\\apiService.ts": {"path":"C:\\Users\\oob\\.gemini\\antigravity\\scratch\\horizon-app\\src\\services\\apiService.ts","statementMap":{"0":{"start":{"line":18,"column":49},"end":{"line":22,"column":null}},"1":{"start":{"line":24,"column":26},"end":{"line":157,"column":null}},"2":{"start":{"line":26,"column":33},"end":{"line":26,"column":78}},"3":{"start":{"line":27,"column":33},"end":{"line":27,"column":58}},"4":{"start":{"line":28,"column":39},"end":{"line":28,"column":53}},"5":{"start":{"line":30,"column":4},"end":{"line":30,"column":null}},"6":{"start":{"line":30,"column":55},"end":{"line":30,"column":null}},"7":{"start":{"line":31,"column":4},"end":{"line":31,"column":43}},"8":{"start":{"line":31,"column":18},"end":{"line":31,"column":43}},"9":{"start":{"line":31,"column":43},"end":{"line":31,"column":null}},"10":{"start":{"line":31,"column":57},"end":{"line":31,"column":null}},"11":{"start":{"line":32,"column":4},"end":{"line":32,"column":43}},"12":{"start":{"line":32,"column":18},"end":{"line":32,"column":43}},"13":{"start":{"line":32,"column":43},"end":{"line":32,"column":null}},"14":{"start":{"line":32,"column":57},"end":{"line":32,"column":null}},"15":{"start":{"line":33,"column":4},"end":{"line":33,"column":43}},"16":{"start":{"line":33,"column":18},"end":{"line":33,"column":43}},"17":{"start":{"line":33,"column":43},"end":{"line":33,"column":null}},"18":{"start":{"line":33,"column":57},"end":{"line":33,"column":null}},"19":{"start":{"line":34,"column":4},"end":{"line":34,"column":43}},"20":{"start":{"line":34,"column":18},"end":{"line":34,"column":43}},"21":{"start":{"line":34,"column":43},"end":{"line":34,"column":null}},"22":{"start":{"line":34,"column":57},"end":{"line":34,"column":null}},"23":{"start":{"line":35,"column":4},"end":{"line":35,"column":43}},"24":{"start":{"line":35,"column":18},"end":{"line":35,"column":43}},"25":{"start":{"line":35,"column":43},"end":{"line":35,"column":null}},"26":{"start":{"line":40,"column":36},"end":{"line":40,"column":null}},"27":{"start":{"line":41,"column":24},"end":{"line":41,"column":null}},"28":{"start":{"line":42,"column":14},"end":{"line":42,"column":null}},"29":{"start":{"line":43,"column":4},"end":{"line":47,"column":null}},"30":{"start":{"line":43,"column":17},"end":{"line":43,"column":24}},"31":{"start":{"line":44,"column":19},"end":{"line":44,"column":null}},"32":{"start":{"line":45,"column":6},"end":{"line":45,"column":null}},"33":{"start":{"line":45,"column":21},"end":{"line":45,"column":null}},"34":{"start":{"line":46,"column":6},"end":{"line":46,"column":null}},"35":{"start":{"line":48,"column":4},"end":{"line":48,"column":null}},"36":{"start":{"line":53,"column":17},"end":{"line":53,"column":null}},"37":{"start":{"line":53,"column":50},"end":{"line":53,"column":75}},"38":{"start":{"line":54,"column":18},"end":{"line":54,"column":null}},"39":{"start":{"line":55,"column":4},"end":{"line":58,"column":null}},"40":{"start":{"line":56,"column":6},"end":{"line":56,"column":null}},"41":{"start":{"line":56,"column":17},"end":{"line":56,"column":null}},"42":{"start":{"line":57,"column":6},"end":{"line":57,"column":null}},"43":{"start":{"line":63,"column":4},"end":{"line":63,"column":null}},"44":{"start":{"line":63,"column":41},"end":{"line":63,"column":64}},"45":{"start":{"line":68,"column":36},"end":{"line":68,"column":null}},"46":{"start":{"line":69,"column":24},"end":{"line":69,"column":null}},"47":{"start":{"line":70,"column":4},"end":{"line":78,"column":null}},"48":{"start":{"line":70,"column":17},"end":{"line":70,"column":21}},"49":{"start":{"line":71,"column":19},"end":{"line":71,"column":null}},"50":{"start":{"line":72,"column":17},"end":{"line":72,"column":null}},"51":{"start":{"line":73,"column":6},"end":{"line":73,"column":null}},"52":{"start":{"line":73,"column":38},"end":{"line":73,"column":null}},"53":{"start":{"line":74,"column":6},"end":{"line":74,"column":null}},"54":{"start":{"line":74,"column":39},"end":{"line":74,"column":null}},"55":{"start":{"line":75,"column":6},"end":{"line":75,"column":null}},"56":{"start":{"line":75,"column":42},"end":{"line":75,"column":null}},"57":{"start":{"line":76,"column":6},"end":{"line":76,"column":null}},"58":{"start":{"line":76,"column":24},"end":{"line":76,"column":null}},"59":{"start":{"line":77,"column":6},"end":{"line":77,"column":null}},"60":{"start":{"line":79,"column":4},"end":{"line":79,"column":null}},"61":{"start":{"line":84,"column":4},"end":{"line":89,"column":null}},"62":{"start":{"line":85,"column":6},"end":{"line":85,"column":null}},"63":{"start":{"line":85,"column":32},"end":{"line":85,"column":null}},"64":{"start":{"line":86,"column":6},"end":{"line":86,"column":null}},"65":{"start":{"line":86,"column":32},"end":{"line":86,"column":null}},"66":{"start":{"line":87,"column":6},"end":{"line":87,"column":null}},"67":{"start":{"line":87,"column":21},"end":{"line":87,"column":null}},"68":{"start":{"line":88,"column":6},"end":{"line":88,"column":null}},"69":{"start":{"line":94,"column":36},"end":{"line":94,"column":null}},"70":{"start":{"line":95,"column":4},"end":{"line":102,"column":null}},"71":{"start":{"line":95,"column":17},"end":{"line":95,"column":21}},"72":{"start":{"line":96,"column":19},"end":{"line":96,"column":null}},"73":{"start":{"line":97,"column":16},"end":{"line":97,"column":null}},"74":{"start":{"line":98,"column":6},"end":{"line":98,"column":null}},"75":{"start":{"line":98,"column":38},"end":{"line":98,"column":null}},"76":{"start":{"line":99,"column":6},"end":{"line":99,"column":null}},"77":{"start":{"line":99,"column":38},"end":{"line":99,"column":null}},"78":{"start":{"line":100,"column":6},"end":{"line":100,"column":null}},"79":{"start":{"line":100,"column":24},"end":{"line":100,"column":null}},"80":{"start":{"line":101,"column":6},"end":{"line":101,"column":null}},"81":{"start":{"line":103,"column":4},"end":{"line":103,"column":null}},"82":{"start":{"line":108,"column":4},"end":{"line":108,"column":null}},"83":{"start":{"line":108,"column":40},"end":{"line":108,"column":44}},"84":{"start":{"line":113,"column":4},"end":{"line":116,"column":null}},"85":{"start":{"line":113,"column":73},"end":{"line":116,"column":6}},"86":{"start":{"line":121,"column":4},"end":{"line":121,"column":null}},"87":{"start":{"line":121,"column":41},"end":{"line":121,"column":64}},"88":{"start":{"line":126,"column":36},"end":{"line":126,"column":null}},"89":{"start":{"line":127,"column":14},"end":{"line":127,"column":null}},"90":{"start":{"line":128,"column":4},"end":{"line":132,"column":null}},"91":{"start":{"line":128,"column":17},"end":{"line":128,"column":21}},"92":{"start":{"line":129,"column":19},"end":{"line":129,"column":null}},"93":{"start":{"line":130,"column":6},"end":{"line":130,"column":null}},"94":{"start":{"line":130,"column":26},"end":{"line":130,"column":null}},"95":{"start":{"line":131,"column":6},"end":{"line":131,"column":null}},"96":{"start":{"line":133,"column":4},"end":{"line":133,"column":null}},"97":{"start":{"line":138,"column":4},"end":{"line":138,"column":null}},"98":{"start":{"line":138,"column":42},"end":{"line":138,"column":46}},"99":{"start":{"line":143,"column":36},"end":{"line":143,"column":null}},"100":{"start":{"line":144,"column":16},"end":{"line":144,"column":null}},"101":{"start":{"line":145,"column":4},"end":{"line":149,"column":null}},"102":{"start":{"line":145,"column":17},"end":{"line":145,"column":21}},"103":{"start":{"line":146,"column":19},"end":{"line":146,"column":null}},"104":{"start":{"line":147,"column":6},"end":{"line":147,"column":null}},"105":{"start":{"line":147,"column":18},"end":{"line":147,"column":null}},"106":{"start":{"line":148,"column":6},"end":{"line":148,"column":null}},"107":{"start":{"line":150,"column":4},"end":{"line":150,"column":null}},"108":{"start":{"line":155,"column":4},"end":{"line":155,"column":null}},"109":{"start":{"line":155,"column":42},"end":{"line":155,"column":47}}},"fnMap":{"0":{"name":"fetchMacroIndicators","decl":{"start":{"line":26,"column":8},"end":{"line":26,"column":31}},"loc":{"start":{"line":26,"column":31},"end":{"line":26,"column":null}},"line":26},"1":{"name":"fetchDemographicData","decl":{"start":{"line":27,"column":8},"end":{"line":27,"column":31}},"loc":{"start":{"line":27,"column":31},"end":{"line":27,"column":null}},"line":27},"2":{"name":"fetchMarketOptimizedReturn","decl":{"start":{"line":28,"column":8},"end":{"line":28,"column":37}},"loc":{"start":{"line":28,"column":37},"end":{"line":28,"column":null}},"line":28},"3":{"name":"getMedianForAge","decl":{"start":{"line":29,"column":2},"end":{"line":29,"column":18}},"loc":{"start":{"line":29,"column":64},"end":{"line":36,"column":null}},"line":29},"4":{"name":"_buildSeries","decl":{"start":{"line":39,"column":2},"end":{"line":39,"column":15}},"loc":{"start":{"line":39,"column":102},"end":{"line":49,"column":null}},"line":39},"5":{"name":"fetchWealthErosion","decl":{"start":{"line":52,"column":8},"end":{"line":52,"column":57}},"loc":{"start":{"line":52,"column":57},"end":{"line":59,"column":null}},"line":52},"6":{"name":"(anonymous_6)","decl":{"start":{"line":53,"column":35},"end":{"line":53,"column":44}},"loc":{"start":{"line":53,"column":50},"end":{"line":53,"column":75}},"line":53},"7":{"name":"(anonymous_7)","decl":{"start":{"line":55,"column":16},"end":{"line":55,"column":21}},"loc":{"start":{"line":55,"column":30},"end":{"line":58,"column":5}},"line":55},"8":{"name":"fetchFoodInflation","decl":{"start":{"line":62,"column":8},"end":{"line":62,"column":57}},"loc":{"start":{"line":62,"column":57},"end":{"line":64,"column":null}},"line":62},"9":{"name":"(anonymous_9)","decl":{"start":{"line":63,"column":29},"end":{"line":63,"column":35}},"loc":{"start":{"line":63,"column":41},"end":{"line":63,"column":64}},"line":63},"10":{"name":"fetchSoraRates","decl":{"start":{"line":67,"column":8},"end":{"line":67,"column":53}},"loc":{"start":{"line":67,"column":53},"end":{"line":80,"column":null}},"line":67},"11":{"name":"fetchHousingIndex","decl":{"start":{"line":83,"column":8},"end":{"line":83,"column":56}},"loc":{"start":{"line":83,"column":56},"end":{"line":90,"column":null}},"line":83},"12":{"name":"(anonymous_12)","decl":{"start":{"line":84,"column":29},"end":{"line":84,"column":34}},"loc":{"start":{"line":84,"column":40},"end":{"line":89,"column":5}},"line":84},"13":{"name":"fetchCoePrices","decl":{"start":{"line":93,"column":8},"end":{"line":93,"column":53}},"loc":{"start":{"line":93,"column":53},"end":{"line":104,"column":null}},"line":93},"14":{"name":"fetchChildcareCosts","decl":{"start":{"line":107,"column":8},"end":{"line":107,"column":58}},"loc":{"start":{"line":107,"column":58},"end":{"line":109,"column":null}},"line":107},"15":{"name":"(anonymous_15)","decl":{"start":{"line":108,"column":29},"end":{"line":108,"column":40}},"loc":{"start":{"line":108,"column":40},"end":{"line":108,"column":44}},"line":108},"16":{"name":"fetchWageCurve","decl":{"start":{"line":112,"column":8},"end":{"line":112,"column":53}},"loc":{"start":{"line":112,"column":53},"end":{"line":117,"column":null}},"line":112},"17":{"name":"(anonymous_17)","decl":{"start":{"line":113,"column":44},"end":{"line":113,"column":49}},"loc":{"start":{"line":113,"column":73},"end":{"line":116,"column":6}},"line":113},"18":{"name":"fetchMedicalInflation","decl":{"start":{"line":120,"column":8},"end":{"line":120,"column":60}},"loc":{"start":{"line":120,"column":60},"end":{"line":122,"column":null}},"line":120},"19":{"name":"(anonymous_19)","decl":{"start":{"line":121,"column":29},"end":{"line":121,"column":35}},"loc":{"start":{"line":121,"column":41},"end":{"line":121,"column":64}},"line":121},"20":{"name":"fetchLifeExpectancy","decl":{"start":{"line":125,"column":8},"end":{"line":125,"column":58}},"loc":{"start":{"line":125,"column":58},"end":{"line":134,"column":null}},"line":125},"21":{"name":"fetchEducationInflation","decl":{"start":{"line":137,"column":8},"end":{"line":137,"column":62}},"loc":{"start":{"line":137,"column":62},"end":{"line":139,"column":null}},"line":137},"22":{"name":"(anonymous_22)","decl":{"start":{"line":138,"column":29},"end":{"line":138,"column":42}},"loc":{"start":{"line":138,"column":42},"end":{"line":138,"column":46}},"line":138},"23":{"name":"fetchOldAgeSupportRatio","decl":{"start":{"line":142,"column":8},"end":{"line":142,"column":62}},"loc":{"start":{"line":142,"column":62},"end":{"line":151,"column":null}},"line":142},"24":{"name":"fetchCpfFrs","decl":{"start":{"line":154,"column":8},"end":{"line":154,"column":50}},"loc":{"start":{"line":154,"column":50},"end":{"line":156,"column":null}},"line":154},"25":{"name":"(anonymous_25)","decl":{"start":{"line":155,"column":29},"end":{"line":155,"column":42}},"loc":{"start":{"line":155,"column":42},"end":{"line":155,"column":47}},"line":155}},"branchMap":{"0":{"loc":{"start":{"line":30,"column":4},"end":{"line":30,"column":null}},"type":"if","locations":[{"start":{"line":30,"column":4},"end":{"line":30,"column":null}},{"start":{},"end":{}}],"line":30},"1":{"loc":{"start":{"line":30,"column":8},"end":{"line":30,"column":55}},"type":"binary-expr","locations":[{"start":{"line":30,"column":8},"end":{"line":30,"column":20}},{"start":{"line":30,"column":20},"end":{"line":30,"column":55}}],"line":30},"2":{"loc":{"start":{"line":31,"column":4},"end":{"line":31,"column":43}},"type":"if","locations":[{"start":{"line":31,"column":4},"end":{"line":31,"column":43}},{"start":{},"end":{}}],"line":31},"3":{"loc":{"start":{"line":31,"column":43},"end":{"line":31,"column":null}},"type":"if","locations":[{"start":{"line":31,"column":43},"end":{"line":31,"column":null}},{"start":{},"end":{}}],"line":31},"4":{"loc":{"start":{"line":32,"column":4},"end":{"line":32,"column":43}},"type":"if","locations":[{"start":{"line":32,"column":4},"end":{"line":32,"column":43}},{"start":{},"end":{}}],"line":32},"5":{"loc":{"start":{"line":32,"column":43},"end":{"line":32,"column":null}},"type":"if","locations":[{"start":{"line":32,"column":43},"end":{"line":32,"column":null}},{"start":{},"end":{}}],"line":32},"6":{"loc":{"start":{"line":33,"column":4},"end":{"line":33,"column":43}},"type":"if","locations":[{"start":{"line":33,"column":4},"end":{"line":33,"column":43}},{"start":{},"end":{}}],"line":33},"7":{"loc":{"start":{"line":33,"column":43},"end":{"line":33,"column":null}},"type":"if","locations":[{"start":{"line":33,"column":43},"end":{"line":33,"column":null}},{"start":{},"end":{}}],"line":33},"8":{"loc":{"start":{"line":34,"column":4},"end":{"line":34,"column":43}},"type":"if","locations":[{"start":{"line":34,"column":4},"end":{"line":34,"column":43}},{"start":{},"end":{}}],"line":34},"9":{"loc":{"start":{"line":34,"column":43},"end":{"line":34,"column":null}},"type":"if","locations":[{"start":{"line":34,"column":43},"end":{"line":34,"column":null}},{"start":{},"end":{}}],"line":34},"10":{"loc":{"start":{"line":35,"column":4},"end":{"line":35,"column":43}},"type":"if","locations":[{"start":{"line":35,"column":4},"end":{"line":35,"column":43}},{"start":{},"end":{}}],"line":35},"11":{"loc":{"start":{"line":39,"column":71},"end":{"line":39,"column":102}},"type":"default-arg","locations":[{"start":{"line":39,"column":79},"end":{"line":39,"column":102}}],"line":39},"12":{"loc":{"start":{"line":45,"column":6},"end":{"line":45,"column":null}},"type":"if","locations":[{"start":{"line":45,"column":6},"end":{"line":45,"column":null}},{"start":{},"end":{}}],"line":45},"13":{"loc":{"start":{"line":53,"column":50},"end":{"line":53,"column":75}},"type":"cond-expr","locations":[{"start":{"line":53,"column":62},"end":{"line":53,"column":70}},{"start":{"line":53,"column":70},"end":{"line":53,"column":75}}],"line":53},"14":{"loc":{"start":{"line":56,"column":6},"end":{"line":56,"column":null}},"type":"if","locations":[{"start":{"line":56,"column":6},"end":{"line":56,"column":null}},{"start":{},"end":{}}],"line":56},"15":{"loc":{"start":{"line":63,"column":41},"end":{"line":63,"column":64}},"type":"cond-expr","locations":[{"start":{"line":63,"column":53},"end":{"line":63,"column":60}},{"start":{"line":63,"column":60},"end":{"line":63,"column":64}}],"line":63},"16":{"loc":{"start":{"line":73,"column":6},"end":{"line":73,"column":null}},"type":"if","locations":[{"start":{"line":73,"column":6},"end":{"line":73,"column":null}},{"start":{},"end":{}}],"line":73},"17":{"loc":{"start":{"line":73,"column":10},"end":{"line":73,"column":38}},"type":"binary-expr","locations":[{"start":{"line":73,"column":10},"end":{"line":73,"column":25}},{"start":{"line":73,"column":25},"end":{"line":73,"column":38}}],"line":73},"18":{"loc":{"start":{"line":74,"column":6},"end":{"line":74,"column":null}},"type":"if","locations":[{"start":{"line":74,"column":6},"end":{"line":74,"column":null}},{"start":{},"end":{}}],"line":74},"19":{"loc":{"start":{"line":74,"column":10},"end":{"line":74,"column":39}},"type":"binary-expr","locations":[{"start":{"line":74,"column":10},"end":{"line":74,"column":26}},{"start":{"line":74,"column":26},"end":{"line":74,"column":39}}],"line":74},"20":{"loc":{"start":{"line":75,"column":6},"end":{"line":75,"column":null}},"type":"if","locations":[{"start":{"line":75,"column":6},"end":{"line":75,"column":null}},{"start":{},"end":{}}],"line":75},"21":{"loc":{"start":{"line":75,"column":10},"end":{"line":75,"column":42}},"type":"binary-expr","locations":[{"start":{"line":75,"column":10},"end":{"line":75,"column":27}},{"start":{"line":75,"column":27},"end":{"line":75,"column":42}}],"line":75},"22":{"loc":{"start":{"line":76,"column":6},"end":{"line":76,"column":null}},"type":"if","locations":[{"start":{"line":76,"column":6},"end":{"line":76,"column":null}},{"start":{},"end":{}}],"line":76},"23":{"loc":{"start":{"line":85,"column":6},"end":{"line":85,"column":null}},"type":"if","locations":[{"start":{"line":85,"column":6},"end":{"line":85,"column":null}},{"start":{},"end":{}}],"line":85},"24":{"loc":{"start":{"line":85,"column":10},"end":{"line":85,"column":32}},"type":"binary-expr","locations":[{"start":{"line":85,"column":10},"end":{"line":85,"column":22}},{"start":{"line":85,"column":22},"end":{"line":85,"column":32}}],"line":85},"25":{"loc":{"start":{"line":86,"column":6},"end":{"line":86,"column":null}},"type":"if","locations":[{"start":{"line":86,"column":6},"end":{"line":86,"column":null}},{"start":{},"end":{}}],"line":86},"26":{"loc":{"start":{"line":86,"column":10},"end":{"line":86,"column":32}},"type":"binary-expr","locations":[{"start":{"line":86,"column":10},"end":{"line":86,"column":22}},{"start":{"line":86,"column":22},"end":{"line":86,"column":32}}],"line":86},"27":{"loc":{"start":{"line":87,"column":6},"end":{"line":87,"column":null}},"type":"if","locations":[{"start":{"line":87,"column":6},"end":{"line":87,"column":null}},{"start":{},"end":{}}],"line":87},"28":{"loc":{"start":{"line":98,"column":6},"end":{"line":98,"column":null}},"type":"if","locations":[{"start":{"line":98,"column":6},"end":{"line":98,"column":null}},{"start":{},"end":{}}],"line":98},"29":{"loc":{"start":{"line":98,"column":10},"end":{"line":98,"column":38}},"type":"binary-expr","locations":[{"start":{"line":98,"column":10},"end":{"line":98,"column":25}},{"start":{"line":98,"column":25},"end":{"line":98,"column":38}}],"line":98},"30":{"loc":{"start":{"line":99,"column":6},"end":{"line":99,"column":null}},"type":"if","locations":[{"start":{"line":99,"column":6},"end":{"line":99,"column":null}},{"start":{},"end":{}}],"line":99},"31":{"loc":{"start":{"line":99,"column":10},"end":{"line":99,"column":38}},"type":"binary-expr","locations":[{"start":{"line":99,"column":10},"end":{"line":99,"column":25}},{"start":{"line":99,"column":25},"end":{"line":99,"column":38}}],"line":99},"32":{"loc":{"start":{"line":100,"column":6},"end":{"line":100,"column":null}},"type":"if","locations":[{"start":{"line":100,"column":6},"end":{"line":100,"column":null}},{"start":{},"end":{}}],"line":100},"33":{"loc":{"start":{"line":121,"column":41},"end":{"line":121,"column":64}},"type":"cond-expr","locations":[{"start":{"line":121,"column":53},"end":{"line":121,"column":60}},{"start":{"line":121,"column":60},"end":{"line":121,"column":64}}],"line":121},"34":{"loc":{"start":{"line":130,"column":6},"end":{"line":130,"column":null}},"type":"if","locations":[{"start":{"line":130,"column":6},"end":{"line":130,"column":null}},{"start":{},"end":{}}],"line":130},"35":{"loc":{"start":{"line":147,"column":6},"end":{"line":147,"column":null}},"type":"if","locations":[{"start":{"line":147,"column":6},"end":{"line":147,"column":null}},{"start":{},"end":{}}],"line":147}},"s":{"0":3,"1":3,"2":0,"3":0,"4":0,"5":3,"6":0,"7":3,"8":1,"9":2,"10":1,"11":1,"12":1,"13":0,"14":0,"15":0,"16":0,"17":0,"18":0,"19":0,"20":0,"21":0,"22":0,"23":0,"24":0,"25":0,"26":5,"27":5,"28":5,"29":5,"30":5,"31":105,"32":105,"33":100,"34":105,"35":5,"36":3,"37":60,"38":3,"39":3,"40":63,"41":60,"42":63,"43":1,"44":20,"45":0,"46":0,"47":0,"48":0,"49":0,"50":0,"51":0,"52":0,"53":0,"54":0,"55":0,"56":0,"57":0,"58":0,"59":0,"60":0,"61":0,"62":0,"63":0,"64":0,"65":0,"66":0,"67":0,"68":0,"69":0,"70":0,"71":0,"72":0,"73":0,"74":0,"75":0,"76":0,"77":0,"78":0,"79":0,"80":0,"81":0,"82":0,"83":0,"84":1,"85":10,"86":0,"87":0,"88":0,"89":0,"90":0,"91":0,"92":0,"93":0,"94":0,"95":0,"96":0,"97":0,"98":0,"99":0,"100":0,"101":0,"102":0,"103":0,"104":0,"105":0,"106":0,"107":0,"108":1,"109":20},"f":{"0":0,"1":0,"2":0,"3":3,"4":5,"5":3,"6":60,"7":63,"8":1,"9":20,"10":0,"11":0,"12":0,"13":0,"14":0,"15":0,"16":1,"17":10,"18":0,"19":0,"20":0,"21":0,"22":0,"23":0,"24":1,"25":20},"b":{"0":[0,3],"1":[3,3],"2":[1,2],"3":[1,1],"4":[1,0],"5":[0,0],"6":[0,0],"7":[0,0],"8":[0,0],"9":[0,0],"10":[0,0],"11":[5],"12":[100,5],"13":[12,48],"14":[60,3],"15":[4,16],"16":[0,0],"17":[0,0],"18":[0,0],"19":[0,0],"20":[0,0],"21":[0,0],"22":[0,0],"23":[0,0],"24":[0,0],"25":[0,0],"26":[0,0],"27":[0,0],"28":[0,0],"29":[0,0],"30":[0,0],"31":[0,0],"32":[0,0],"33":[0,0],"34":[0,0],"35":[0,0]},"meta":{"lastBranch":36,"lastFunction":26,"lastStatement":110,"seen":{"s:18:49:22:Infinity":0,"s:24:26:157:Infinity":1,"f:26:8:26:31":0,"s:26:33:26:78":2,"f:27:8:27:31":1,"s:27:33:27:58":3,"f:28:8:28:37":2,"s:28:39:28:53":4,"f:29:2:29:18":3,"b:30:4:30:Infinity:undefined:undefined:undefined:undefined":0,"s:30:4:30:Infinity":5,"b:30:8:30:20:30:20:30:55":1,"s:30:55:30:Infinity":6,"b:31:4:31:43:undefined:undefined:undefined:undefined":2,"s:31:4:31:43":7,"s:31:18:31:43":8,"b:31:43:31:Infinity:undefined:undefined:undefined:undefined":3,"s:31:43:31:Infinity":9,"s:31:57:31:Infinity":10,"b:32:4:32:43:undefined:undefined:undefined:undefined":4,"s:32:4:32:43":11,"s:32:18:32:43":12,"b:32:43:32:Infinity:undefined:undefined:undefined:undefined":5,"s:32:43:32:Infinity":13,"s:32:57:32:Infinity":14,"b:33:4:33:43:undefined:undefined:undefined:undefined":6,"s:33:4:33:43":15,"s:33:18:33:43":16,"b:33:43:33:Infinity:undefined:undefined:undefined:undefined":7,"s:33:43:33:Infinity":17,"s:33:57:33:Infinity":18,"b:34:4:34:43:undefined:undefined:undefined:undefined":8,"s:34:4:34:43":19,"s:34:18:34:43":20,"b:34:43:34:Infinity:undefined:undefined:undefined:undefined":9,"s:34:43:34:Infinity":21,"s:34:57:34:Infinity":22,"b:35:4:35:43:undefined:undefined:undefined:undefined":10,"s:35:4:35:43":23,"s:35:18:35:43":24,"s:35:43:35:Infinity":25,"f:39:2:39:15":4,"b:39:79:39:102":11,"s:40:36:40:Infinity":26,"s:41:24:41:Infinity":27,"s:42:14:42:Infinity":28,"s:43:4:47:Infinity":29,"s:43:17:43:24":30,"s:44:19:44:Infinity":31,"b:45:6:45:Infinity:undefined:undefined:undefined:undefined":12,"s:45:6:45:Infinity":32,"s:45:21:45:Infinity":33,"s:46:6:46:Infinity":34,"s:48:4:48:Infinity":35,"f:52:8:52:57":5,"s:53:17:53:Infinity":36,"f:53:35:53:44":6,"s:53:50:53:75":37,"b:53:62:53:70:53:70:53:75":13,"s:54:18:54:Infinity":38,"s:55:4:58:Infinity":39,"f:55:16:55:21":7,"b:56:6:56:Infinity:undefined:undefined:undefined:undefined":14,"s:56:6:56:Infinity":40,"s:56:17:56:Infinity":41,"s:57:6:57:Infinity":42,"f:62:8:62:57":8,"s:63:4:63:Infinity":43,"f:63:29:63:35":9,"s:63:41:63:64":44,"b:63:53:63:60:63:60:63:64":15,"f:67:8:67:53":10,"s:68:36:68:Infinity":45,"s:69:24:69:Infinity":46,"s:70:4:78:Infinity":47,"s:70:17:70:21":48,"s:71:19:71:Infinity":49,"s:72:17:72:Infinity":50,"b:73:6:73:Infinity:undefined:undefined:undefined:undefined":16,"s:73:6:73:Infinity":51,"b:73:10:73:25:73:25:73:38":17,"s:73:38:73:Infinity":52,"b:74:6:74:Infinity:undefined:undefined:undefined:undefined":18,"s:74:6:74:Infinity":53,"b:74:10:74:26:74:26:74:39":19,"s:74:39:74:Infinity":54,"b:75:6:75:Infinity:undefined:undefined:undefined:undefined":20,"s:75:6:75:Infinity":55,"b:75:10:75:27:75:27:75:42":21,"s:75:42:75:Infinity":56,"b:76:6:76:Infinity:undefined:undefined:undefined:undefined":22,"s:76:6:76:Infinity":57,"s:76:24:76:Infinity":58,"s:77:6:77:Infinity":59,"s:79:4:79:Infinity":60,"f:83:8:83:56":11,"s:84:4:89:Infinity":61,"f:84:29:84:34":12,"b:85:6:85:Infinity:undefined:undefined:undefined:undefined":23,"s:85:6:85:Infinity":62,"b:85:10:85:22:85:22:85:32":24,"s:85:32:85:Infinity":63,"b:86:6:86:Infinity:undefined:undefined:undefined:undefined":25,"s:86:6:86:Infinity":64,"b:86:10:86:22:86:22:86:32":26,"s:86:32:86:Infinity":65,"b:87:6:87:Infinity:undefined:undefined:undefined:undefined":27,"s:87:6:87:Infinity":66,"s:87:21:87:Infinity":67,"s:88:6:88:Infinity":68,"f:93:8:93:53":13,"s:94:36:94:Infinity":69,"s:95:4:102:Infinity":70,"s:95:17:95:21":71,"s:96:19:96:Infinity":72,"s:97:16:97:Infinity":73,"b:98:6:98:Infinity:undefined:undefined:undefined:undefined":28,"s:98:6:98:Infinity":74,"b:98:10:98:25:98:25:98:38":29,"s:98:38:98:Infinity":75,"b:99:6:99:Infinity:undefined:undefined:undefined:undefined":30,"s:99:6:99:Infinity":76,"b:99:10:99:25:99:25:99:38":31,"s:99:38:99:Infinity":77,"b:100:6:100:Infinity:undefined:undefined:undefined:undefined":32,"s:100:6:100:Infinity":78,"s:100:24:100:Infinity":79,"s:101:6:101:Infinity":80,"s:103:4:103:Infinity":81,"f:107:8:107:58":14,"s:108:4:108:Infinity":82,"f:108:29:108:40":15,"s:108:40:108:44":83,"f:112:8:112:53":16,"s:113:4:116:Infinity":84,"f:113:44:113:49":17,"s:113:73:116:6":85,"f:120:8:120:60":18,"s:121:4:121:Infinity":86,"f:121:29:121:35":19,"s:121:41:121:64":87,"b:121:53:121:60:121:60:121:64":33,"f:125:8:125:58":20,"s:126:36:126:Infinity":88,"s:127:14:127:Infinity":89,"s:128:4:132:Infinity":90,"s:128:17:128:21":91,"s:129:19:129:Infinity":92,"b:130:6:130:Infinity:undefined:undefined:undefined:undefined":34,"s:130:6:130:Infinity":93,"s:130:26:130:Infinity":94,"s:131:6:131:Infinity":95,"s:133:4:133:Infinity":96,"f:137:8:137:62":21,"s:138:4:138:Infinity":97,"f:138:29:138:42":22,"s:138:42:138:46":98,"f:142:8:142:62":23,"s:143:36:143:Infinity":99,"s:144:16:144:Infinity":100,"s:145:4:149:Infinity":101,"s:145:17:145:21":102,"s:146:19:146:Infinity":103,"b:147:6:147:Infinity:undefined:undefined:undefined:undefined":35,"s:147:6:147:Infinity":104,"s:147:18:147:Infinity":105,"s:148:6:148:Infinity":106,"s:150:4:150:Infinity":107,"f:154:8:154:50":24,"s:155:4:155:Infinity":108,"f:155:29:155:42":25,"s:155:42:155:47":109},"fnNames":{}}}
,"C:\\Users\\oob\\.gemini\\antigravity\\scratch\\horizon-app\\src\\store\\useStore.ts": {"path":"C:\\Users\\oob\\.gemini\\antigravity\\scratch\\horizon-app\\src\\store\\useStore.ts","statementMap":{"0":{"start":{"line":42,"column":38},"end":{"line":50,"column":null}},"1":{"start":{"line":52,"column":24},"end":{"line":118,"column":null}},"2":{"start":{"line":52,"column":51},"end":{"line":118,"column":2}},"3":{"start":{"line":54,"column":29},"end":{"line":54,"column":null}},"4":{"start":{"line":59,"column":4},"end":{"line":61,"column":null}},"5":{"start":{"line":59,"column":20},"end":{"line":61,"column":6}},"6":{"start":{"line":63,"column":21},"end":{"line":68,"column":null}},"7":{"start":{"line":77,"column":4},"end":{"line":82,"column":null}},"8":{"start":{"line":77,"column":20},"end":{"line":82,"column":6}},"9":{"start":{"line":85,"column":36},"end":{"line":85,"column":null}},"10":{"start":{"line":88,"column":37},"end":{"line":88,"column":null}},"11":{"start":{"line":91,"column":25},"end":{"line":91,"column":null}},"12":{"start":{"line":96,"column":4},"end":{"line":96,"column":null}},"13":{"start":{"line":97,"column":4},"end":{"line":116,"column":null}},"14":{"start":{"line":98,"column":46},"end":{"line":102,"column":null}},"15":{"start":{"line":104,"column":6},"end":{"line":112,"column":null}},"16":{"start":{"line":114,"column":6},"end":{"line":114,"column":null}},"17":{"start":{"line":115,"column":6},"end":{"line":115,"column":null}}},"fnMap":{"0":{"name":"(anonymous_0)","decl":{"start":{"line":52,"column":24},"end":{"line":52,"column":42}},"loc":{"start":{"line":52,"column":51},"end":{"line":118,"column":2}},"line":52},"1":{"name":"(anonymous_1)","decl":{"start":{"line":54,"column":2},"end":{"line":54,"column":18}},"loc":{"start":{"line":54,"column":29},"end":{"line":54,"column":null}},"line":54},"2":{"name":"(anonymous_2)","decl":{"start":{"line":58,"column":2},"end":{"line":58,"column":18}},"loc":{"start":{"line":59,"column":4},"end":{"line":61,"column":null}},"line":59},"3":{"name":"(anonymous_3)","decl":{"start":{"line":59,"column":4},"end":{"line":59,"column":9}},"loc":{"start":{"line":59,"column":20},"end":{"line":61,"column":6}},"line":59},"4":{"name":"(anonymous_4)","decl":{"start":{"line":63,"column":2},"end":{"line":63,"column":21}},"loc":{"start":{"line":63,"column":21},"end":{"line":68,"column":null}},"line":63},"5":{"name":"(anonymous_5)","decl":{"start":{"line":76,"column":2},"end":{"line":76,"column":21}},"loc":{"start":{"line":77,"column":4},"end":{"line":82,"column":null}},"line":77},"6":{"name":"(anonymous_6)","decl":{"start":{"line":77,"column":4},"end":{"line":77,"column":9}},"loc":{"start":{"line":77,"column":20},"end":{"line":82,"column":6}},"line":77},"7":{"name":"(anonymous_7)","decl":{"start":{"line":85,"column":2},"end":{"line":85,"column":26}},"loc":{"start":{"line":85,"column":36},"end":{"line":85,"column":null}},"line":85},"8":{"name":"(anonymous_8)","decl":{"start":{"line":88,"column":2},"end":{"line":88,"column":25}},"loc":{"start":{"line":88,"column":37},"end":{"line":88,"column":null}},"line":88},"9":{"name":"(anonymous_9)","decl":{"start":{"line":91,"column":2},"end":{"line":91,"column":16}},"loc":{"start":{"line":91,"column":25},"end":{"line":91,"column":null}},"line":91},"10":{"name":"(anonymous_10)","decl":{"start":{"line":95,"column":18},"end":{"line":95,"column":30}},"loc":{"start":{"line":95,"column":30},"end":{"line":117,"column":null}},"line":95}},"branchMap":{},"s":{"0":1,"1":1,"2":1,"3":0,"4":1,"5":1,"6":0,"7":0,"8":0,"9":0,"10":0,"11":1,"12":0,"13":0,"14":0,"15":0,"16":0,"17":0},"f":{"0":1,"1":0,"2":1,"3":1,"4":0,"5":0,"6":0,"7":0,"8":0,"9":1,"10":0},"b":{},"meta":{"lastBranch":0,"lastFunction":11,"lastStatement":18,"seen":{"s:42:38:50:Infinity":0,"s:52:24:118:Infinity":1,"f:52:24:52:42":0,"s:52:51:118:2":2,"f:54:2:54:18":1,"s:54:29:54:Infinity":3,"f:58:2:58:18":2,"s:59:4:61:Infinity":4,"f:59:4:59:9":3,"s:59:20:61:6":5,"f:63:2:63:21":4,"s:63:21:68:Infinity":6,"f:76:2:76:21":5,"s:77:4:82:Infinity":7,"f:77:4:77:9":6,"s:77:20:82:6":8,"f:85:2:85:26":7,"s:85:36:85:Infinity":9,"f:88:2:88:25":8,"s:88:37:88:Infinity":10,"f:91:2:91:16":9,"s:91:25:91:Infinity":11,"f:95:18:95:30":10,"s:96:4:96:Infinity":12,"s:97:4:116:Infinity":13,"s:98:46:102:Infinity":14,"s:104:6:112:Infinity":15,"s:114:6:114:Infinity":16,"s:115:6:115:Infinity":17},"fnNames":{}}}
}
